2026-04-28 12:14:33 | INFO     | VhalinorBrain - 🧠 Orquestrador Cerebral inicializado
2026-04-28 12:14:33 | INFO     | VhalinorBrain - 📁 IAG Path: ./iag_modules
2026-04-28 12:14:33 | INFO     | VhalinorBrain - ⚛️  Quantum Path: ./quantum_modules
2026-04-28 12:14:33 | INFO     | VhalinorBrain - ✅ Modelos de ML configurados
2026-04-28 12:14:33 | INFO     | VhalinorBrain - ✅ Banco de dados de memória configurado
2026-04-28 12:14:33 | INFO     | VhalinorBrain - 💾 Sistema de Memória Avançada inicializado
2026-04-28 12:14:33 | INFO     | VhalinorBrain - 🚀 Sistemas avançados inicializados
2026-04-28 12:14:33 | INFO     | VhalinorBrain - 🔗 Hub de Integração Avançada inicializado
2026-04-28 12:14:33 | INFO     | VhalinorBrain - 🛡️ Framework de Segurança Avançada inicializado
2026-04-28 12:14:33 | INFO     | VhalinorBrain - 📊 Sistema de Monitoramento Avançado inicializado
2026-04-28 12:14:33 | INFO     | VhalinorBrain - 💾 Sistema de Cache Distribuído inicializado (backend: memory)
2026-04-28 12:14:33 | INFO     | VhalinorBrain - ✅ Banco de dados de metadados inicializado
2026-04-28 12:14:33 | INFO     | VhalinorBrain - 💿 Sistema de Persistência inicializado em ./neural_state
2026-04-28 12:14:33 | INFO     | VhalinorBrain - ⚙️ Engine de Otimização Adaptativa inicializada
2026-04-28 12:14:33 | ERROR    | VhalinorBrain - ❌ Erro ao inicializar ponte neural: No module named 'neural_bus'
2026-04-28 12:14:33 | ERROR    | VhalinorBrain - ❌ Erro ao inicializar ponte de análise: No module named 'data_analyzer'
2026-04-28 12:14:33 | ERROR    | VhalinorBrain - ❌ Erro ao inicializar ponte de aprendizado: No module named 'ContinuousLearningService'
2026-04-28 12:14:33 | INFO     | VhalinorBrain - ✅ Módulo registrado: neural_engine
2026-04-28 12:14:33 | INFO     | VhalinorBrain - ✅ Módulo registrado: quantum_engine
2026-04-28 12:14:33 | INFO     | VhalinorBrain - ✅ Módulo registrado: ml_module
2026-04-28 12:14:33 | INFO     | VhalinorBrain - ✅ Módulo registrado: memory_system
2026-04-28 12:14:33 | INFO     | VhalinorBrain - ✅ Módulo registrado: security
2026-04-28 12:14:33 | INFO     | VhalinorBrain - ✅ Módulo registrado: monitoring
2026-04-28 12:14:33 | INFO     | VhalinorBrain - ✅ Módulo registrado: cache
2026-04-28 12:14:33 | INFO     | VhalinorBrain - ✅ Módulo registrado: persistence
2026-04-28 12:14:33 | INFO     | VhalinorBrain - ✅ Módulo registrado: optimization
2026-04-28 12:14:33 | INFO     | VhalinorBrain - 🔄 Loop de integração iniciado
2026-04-28 12:14:33 | INFO     | VhalinorBrain - 🔗 Criando conexões neurais...
2026-04-28 12:14:33 | INFO     | VhalinorBrain - ✅ Conexões neurais criadas: 0
2026-04-28 12:14:33 | INFO     | VhalinorBrain -    🔄 Intra-cluster: 0
2026-04-28 12:14:33 | INFO     | VhalinorBrain -    🌉 Inter-cluster: 0
2026-04-28 12:14:33 | INFO     | VhalinorBrain -    📊 Total neurônios: 0
2026-04-28 12:14:33 | INFO     | VhalinorBrain -    📊 Total sinapses: 0
2026-04-28 12:14:33 | INFO     | VhalinorBrain - 🌐 Orquestrador Integrado inicializado com sucesso!
2026-04-28 12:14:33 | INFO     | VhalinorBrain - 📌 VHALINOR IAG 3.0.0 - Quantum Singularity
2026-04-28 12:14:33 | INFO     | VhalinorBrain - 🧠 Sistema Totalmente Operacional | Neurônios: 0
2026-04-28 12:14:33 | INFO     | VhalinorBrain - 🔄 Sincronizando todos os módulos...
2026-04-28 12:14:33 | INFO     | VhalinorBrain - ✅ Sincronização completa
2026-04-28 12:14:33 | INFO     | VhalinorBrain - 🚀 Processamento integrado iniciado
2026-04-28 12:14:33 | INFO     | VhalinorBrain - 1️⃣ Estágio Neural...
2026-04-28 12:14:33 | INFO     | VhalinorBrain - 2️⃣ Estágio Quântico...
2026-04-28 12:14:33 | INFO     | VhalinorBrain - 3️⃣ Estágio de Análise...
2026-04-28 12:14:33 | INFO     | VhalinorBrain - 4️⃣ Estágio de Aprendizado...
2026-04-28 12:14:33 | INFO     | VhalinorBrain - ✅ Processamento integrado concluído
2026-04-28 12:14:33 | INFO     | VhalinorBrain - 💾 Checkpoint criado: system_state_20260428_121433_22d4953e (0.00 MB)
2026-04-28 12:14:33 | WARNING  | VhalinorBrain - ⚠️ Módulo não encontrado: analysis
2026-04-28 12:14:33 | WARNING  | VhalinorBrain - ⚠️ Módulo quantum_engine não tem método receive_data
2026-04-28 12:14:33 | WARNING  | VhalinorBrain - ⚠️ Módulo não encontrado: continuous_learning
2026-04-28 12:14:33 | WARNING  | VhalinorBrain - ⚠️ Módulo quantum_engine não tem método receive_data
2026-04-28 12:14:33 | WARNING  | VhalinorBrain - ⚠️ Módulo ml_module não tem método receive_data
2026-04-28 12:14:33 | WARNING  | VhalinorBrain - ⚠️ Módulo memory_system não tem método receive_data
2026-04-28 12:14:33 | WARNING  | VhalinorBrain - ⚠️ Módulo security não tem método receive_data
2026-04-28 12:14:33 | WARNING  | VhalinorBrain - ⚠️ Módulo monitoring não tem método receive_data
2026-04-28 12:14:33 | WARNING  | VhalinorBrain - ⚠️ Módulo cache não tem método receive_data
2026-04-28 12:14:33 | WARNING  | VhalinorBrain - ⚠️ Módulo persistence não tem método receive_data
2026-04-28 12:14:33 | WARNING  | VhalinorBrain - ⚠️ Módulo optimization não tem método receive_data
